MIF/HEX Update report for computer
Mon Jan 07 01:15:52 2019
Quartus Prime Version 17.1.0 Build 590 10/25/2017 SJ Lite Edition


---------------------
; Table of Contents ;
---------------------
  1. Legal Notice
  2. MIF/HEX Update Summary
  3. MIF/HEX Update Processed Files
  4. MIF/HEX Update Messages



----------------
; Legal Notice ;
----------------
Copyright (C) 2017  Intel Corporation. All rights reserved.
Your use of Intel Corporation's design tools, logic functions 
and other software and tools, and its AMPP partner logic 
functions, and any output files from any of the foregoing 
(including device programming or simulation files), and any 
associated documentation or information are expressly subject 
to the terms and conditions of the Intel Program License 
Subscription Agreement, the Intel Quartus Prime License Agreement,
the Intel FPGA IP License Agreement, or other applicable license
agreement, including, without limitation, that your use is for
the sole purpose of programming logic devices manufactured by
Intel and sold by Intel or its authorized distributors.  Please
refer to the applicable agreement for further details.



+---------------------------------------------------------------+
; MIF/HEX Update Summary                                        ;
+-----------------------+---------------------------------------+
; MIF/HEX Update Status ; Successful - Mon Jan 07 01:15:52 2019 ;
; Revision Name         ; computer                              ;
; Top-level Entity Name ; computer                              ;
; Family                ; Cyclone V                             ;
; Device                ; 5CSEMA5F31C6                          ;
+-----------------------+---------------------------------------+


+--------------------------------------------------------------+
; MIF/HEX Update Processed Files                               ;
+--------------------------------------------------------------+
; File Name                                                    ;
+--------------------------------------------------------------+
; G:/Programs/altera/12.1sp1/projects/computer/dataSegment.hex ;
; G:/Programs/altera/12.1sp1/projects/computer/program.hex     ;
; G:/Programs/altera/12.1sp1/projects/computer/videomemory.hex ;
+--------------------------------------------------------------+


+-------------------------+
; MIF/HEX Update Messages ;
+-------------------------+
Warning (125092): Tcl Script File instructionDecoder.qip not found
    Info (125063): set_global_assignment -name QIP_FILE instructionDecoder.qip
Warning (125092): Tcl Script File add_float.qip not found
    Info (125063): set_global_assignment -name QIP_FILE add_float.qip
Info: *******************************************************************
Info: Running Quartus Prime MIF/HEX Update
    Info: Version 17.1.0 Build 590 10/25/2017 SJ Lite Edition
    Info: Processing started: Mon Jan 07 01:15:34 2019
Info: Command: quartus_cdb computer -c computer --update_mif
Warning (39023): Can't find Memory Initialization File data.hex -- skipped updates for this file
Critical Warning (127005): Memory depth (16384) in the design file differs from memory depth (78) in the Memory Initialization File "G:/Programs/altera/12.1sp1/projects/computer/program.hex" -- setting initial value for remaining addresses to 0
Critical Warning (127005): Memory depth (32768) in the design file differs from memory depth (5) in the Memory Initialization File "G:/Programs/altera/12.1sp1/projects/computer/dataSegment.hex" -- setting initial value for remaining addresses to 0
Info (39024): Processed the following Memory Initialization File(s)
    Info (39025): Processed Memory Initialization File G:/Programs/altera/12.1sp1/projects/computer/dataSegment.hex File: G:/Programs/altera/12.1sp1/projects/computer/dataSegment.hex Line: 0
    Info (39025): Processed Memory Initialization File G:/Programs/altera/12.1sp1/projects/computer/program.hex File: G:/Programs/altera/12.1sp1/projects/computer/program.hex Line: 0
    Info (39025): Processed Memory Initialization File G:/Programs/altera/12.1sp1/projects/computer/videomemory.hex File: G:/Programs/altera/12.1sp1/projects/computer/videomemory.hex Line: 0
Info: Quartus Prime MIF/HEX Update was successful. 0 errors, 5 warnings
    Info: Peak virtual memory: 4987 megabytes
    Info: Processing ended: Mon Jan 07 01:15:52 2019
    Info: Elapsed time: 00:00:18
    Info: Total CPU time (on all processors): 00:00:18


